14.03.2022 18:41:41 - Uspešno obrisana Kategorija: '24' - 'Tech šolje' , Obrisao: 'Srdjan Grujeskovic'
14.03.2022 18:41:20 - Kategorija 'Tech šolje' uspešno dodata od strane: 'Srdjan Grujeskovic'
14.03.2022 18:41:10 - Kategorija 'Tech šolje' uspešno dodata od strane: 'Srdjan Grujeskovic'
14.03.2022 18:40:06 - Uspešno obrisana Kategorija: '4' - 'Tech šolje' , Obrisao: 'Srdjan Grujeskovic'
14.03.2022 18:19:48 - Uspešno obrisana Kategorija: '19' - 'Podloge' , Obrisao: 'Srdjan Grujeskovic'
14.03.2022 18:02:44 - Uspešno obrisana Kategorija: '20' - 'Podloge' , Obrisao: 'Srdjan Grujeskovic'
14.03.2022 18:01:41 - Uspešno obrisana Kategorija: '22' - 'Podloge' , Obrisao: 'Srdjan Grujeskovic'
14.03.2022 18:01:14 - Kategorija 'Tech misevi' uspešno dodata od strane: 'Srdjan Grujeskovic'
14.03.2022 18:01:08 - Kategorija 'Tech misevi' uspešno dodata od strane: 'Srdjan Grujeskovic'
14.03.2022 15:03:11 - Kategorija 'Podloge' uspešno dodata od strane: 'Srdjan Grujeskovic'
14.03.2022 15:00:07 - Kategorija 'Podloge' uspešno dodata od strane: 'Srdjan Grujeskovic'
14.03.2022 14:55:39 - Uspešno obrisana Kategorija: '18' - 'Podloge' , Obrisao: 'Srdjan Grujeskovic'
14.03.2022 14:55:17 - Uspešno obrisana Kategorija: '11' - 'Podloge' , Obrisao: 'Srdjan Grujeskovic'
14.03.2022 14:55:14 - Uspešno obrisana Kategorija: '12' - 'Podloge' , Obrisao: 'Srdjan Grujeskovic'
14.03.2022 14:55:11 - Uspešno obrisana Kategorija: '13' - 'Podloge' , Obrisao: 'Srdjan Grujeskovic'
14.03.2022 14:55:07 - Uspešno obrisana Kategorija: '14' - 'Podloge' , Obrisao: 'Srdjan Grujeskovic'
14.03.2022 14:55:04 - Uspešno obrisana Kategorija: '15' - 'Podloge' , Obrisao: 'Srdjan Grujeskovic'
14.03.2022 14:55:01 - Uspešno obrisana Kategorija: '16' - 'Podloge' , Obrisao: 'Srdjan Grujeskovic'
14.03.2022 14:54:57 - Uspešno obrisana Kategorija: '17' - 'Podloge' , Obrisao: 'Srdjan Grujeskovic'
14.03.2022 14:54:07 - Kategorija 'Podloge' uspešno dodata od strane: 'Srdjan Grujeskovic'
14.03.2022 14:53:41 - Kategorija 'Podloge' uspešno dodata od strane: 'Srdjan Grujeskovic'
14.03.2022 14:52:45 - Kategorija 'Podloge' uspešno dodata od strane: 'Srdjan Grujeskovic'
14.03.2022 14:49:45 - Kategorija 'Podloge' uspešno dodata od strane: 'Srdjan Grujeskovic'
14.03.2022 14:48:33 - Kategorija 'Podloge' uspešno dodata od strane: 'Srdjan Grujeskovic'
14.03.2022 14:47:16 - Kategorija 'Podloge' uspešno dodata od strane: 'Srdjan Grujeskovic'
14.03.2022 11:42:47 - Kategorija 'Podloge' uspešno dodata od strane: 'Srdjan Grujeskovic'
14.03.2022 11:20:41 - Uspešno obrisana Kategorija: '10' - 'Podloge' , Obrisao: 'Srdjan Grujeskovic'
14.03.2022 11:20:26 - Uspešno obrisana Kategorija: '10' - 'Podloge' , Obrisao: 'Srdjan Grujeskovic'
14.03.2022 11:10:22 - Kategorija 'Podloge' uspešno dodata od strane: 'Srdjan Grujeskovic'
14.03.2022 11:09:55 - Kategorija 'Podloge' uspešno dodata od strane: 'Srdjan Grujeskovic'
14.03.2022 10:38:02 - Uspešno obrisana Kategorija: '8' - 'Podloge' , Obrisao: 'Srdjan Grujeskovic'
14.03.2022 10:36:43 - Uspešno obrisana Kategorija: '9' - '' , Obrisao: 'Srdjan Grujeskovic'
14.03.2022 10:33:32 - Uspešno obrisana Kategorija: '7' - '' , Obrisao: 'Srdjan Grujeskovic'
14.03.2022 10:28:59 - Uspešno obrisana Kategorija: '8', Obrisao: 'Srdjan Grujeskovic'
14.03.2022 10:28:33 - Uspešno obrisana Kategorija: '8', Obrisao: 'Srdjan Grujeskovic'
14.03.2022 10:08:21 - Uspešno obrisana Kategorija: '7', Obrisao: 'Srdjan Grujeskovic'
14.03.2022 10:08:07 - Uspešno obrisana Kategorija: '7', Obrisao: 'Srdjan Grujeskovic'
14.03.2022 09:58:34 - Uspešno obrisana Kategorija: '9', Obrisao: 'Srdjan Grujeskovic'
14.03.2022 09:58:28 - Uspešno obrisana Kategorija: '9', Obrisao: 'Srdjan Grujeskovic'
14.03.2022 09:58:18 - Uspešno obrisana Kategorija: '8', Obrisao: 'Srdjan Grujeskovic'
14.03.2022 09:57:42 - Uspešno obrisana Kategorija: '8', Obrisao: 'Srdjan Grujeskovic'
14.03.2022 09:46:28 - Uspešno obrisana Kategorija: '8', Obrisao: 'Srdjan Grujeskovic'
14.03.2022 09:45:37 - Uspešno obrisana Kategorija: '8', Obrisao: 'Srdjan Grujeskovic'
