10.03.2022 21:52:44 - Uspešna prijava za korisnika 'Srdjan Grujeskovic'
10.03.2022 21:52:06 - Uspešna odjava za korisnika 'Srdjan Grujeskovic'
10.03.2022 21:51:57 - Uspešna prijava za korisnika 'Srdjan Grujeskovic'
10.03.2022 21:50:57 - Uspešna odjava za korisnika 'Srdjan Grujeskovic'
10.03.2022 21:43:04 - Uspešna prijava za korisnika 'Srdjan Grujeskovic'
10.03.2022 21:22:16 - Uspešna prijava za korisnika 'Pera Perić'
10.03.2022 21:22:03 - Pokušaj logovanja neregistrovanog korisnika: 'pperic@mail.com'
10.03.2022 21:21:48 - Pokušaj logovanja neregistrovanog korisnika: 'ppera@mail.com'
10.03.2022 21:20:14 - Uspešna odjava za korisnika 'Srdjan Grujeskovic'
10.03.2022 21:19:53 - Uspešna prijava za korisnika 'Srdjan Grujeskovic'
10.03.2022 21:19:44 - Uspešna odjava za korisnika 'Srdjan Grujeskovic'
10.03.2022 21:15:28 - Uspešna prijava za korisnika 'Srdjan Grujeskovic'
10.03.2022 21:15:20 - Uspešna odjava za korisnika 'Srdjan Grujeskovic'
10.03.2022 21:13:43 - Uspešna prijava za korisnika 'Srdjan Grujeskovic'
10.03.2022 21:02:43 - Uspešna prijava za korisnika 'Srdjan Grujeskovic'
10.03.2022 21:02:35 - Uspešna odjava za korisnika 'Бошко Богојевић'
10.03.2022 21:02:24 - Uspešna prijava za korisnika 'Бошко Богојевић'
10.03.2022 21:02:16 - Uspešna odjava za korisnika 'Luis Hamilton'
10.03.2022 21:01:46 - Uspešna odjava za korisnika 'Srdjan Grujeskovic'
10.03.2022 20:58:21 - Uspešna prijava za korisnika 'Srdjan Grujeskovic'
10.03.2022 20:58:12 - Uspešna odjava za korisnika 'Бошко Богојевић'
10.03.2022 20:07:19 - Uspešna prijava za korisnika 'Бошко Богојевић'
10.03.2022 20:07:10 - Pogrešna lozinka za korisnika: 'bbosko@skola.com'
10.03.2022 20:07:04 - Pokušaj logovanja neregistrovanog korisnika: 'srdjan@mail.com'
10.03.2022 20:06:53 - Podaci sadrže nedozvoljene karaktere: 'srdjan@mail.com' 'vfdbvfg//d/' ::1 
10.03.2022 20:06:45 - Uspešna odjava za korisnika 'Бошко Богојевић'
10.03.2022 18:27:28 - Pokušaj prijave neaktivnog korisnika 'bbosko@skola.com'
10.03.2022 18:27:28 - Uspešna prijava za korisnika 'Бошко Богојевић'
